1649067595.909497 client started (39976): version 3.0a, socket /tmp/tmux-1000/default, protocol 8
1649067595.909543 on Linux 5.13.0-39-generic #44~20.04.1-Ubuntu SMP Thu Mar 24 16:43:35 UTC 2022; libevent 2.1.11-stable (poll)
1649067595.909576 socket is /tmp/tmux-1000/default
1649067595.909597 trying connect
1649067595.909626 connect failed: Connection refused
1649067595.909644 lock file is /tmp/tmux-1000/default.lock
1649067595.909692 flock succeeded
1649067595.909702 got lock (6)
1649067595.909714 trying connect
1649067595.909733 connect failed: Connection refused
1649067595.910101 add peer 0x55fc88964e20: 7 ((nil))
1649067595.910385 sending message 100 to peer 0x55fc88964e20 (4 bytes)
1649067595.910409 sending message 101 to peer 0x55fc88964e20 (15 bytes)
1649067595.910446 sending message 102 to peer 0x55fc88964e20 (11 bytes)
1649067595.910458 sending message 108 to peer 0x55fc88964e20 (26 bytes)
1649067595.910469 sending message 104 to peer 0x55fc88964e20 (0 bytes)
1649067595.910479 sending message 107 to peer 0x55fc88964e20 (4 bytes)
1649067595.910488 sending message 105 to peer 0x55fc88964e20 (16 bytes)
1649067595.910498 sending message 105 to peer 0x55fc88964e20 (32 bytes)
1649067595.910507 sending message 105 to peer 0x55fc88964e20 (86 bytes)
1649067595.910516 sending message 105 to peer 0x55fc88964e20 (19 bytes)
1649067595.910525 sending message 105 to peer 0x55fc88964e20 (20 bytes)
1649067595.910534 sending message 105 to peer 0x55fc88964e20 (45 bytes)
1649067595.910543 sending message 105 to peer 0x55fc88964e20 (8 bytes)
1649067595.910552 sending message 105 to peer 0x55fc88964e20 (23 bytes)
1649067595.910560 sending message 105 to peer 0x55fc88964e20 (44 bytes)
1649067595.910569 sending message 105 to peer 0x55fc88964e20 (42 bytes)
1649067595.910578 sending message 105 to peer 0x55fc88964e20 (20 bytes)
1649067595.910586 sending message 105 to peer 0x55fc88964e20 (17 bytes)
1649067595.910595 sending message 105 to peer 0x55fc88964e20 (32 bytes)
1649067595.910618 sending message 105 to peer 0x55fc88964e20 (14 bytes)
1649067595.910628 sending message 105 to peer 0x55fc88964e20 (41 bytes)
1649067595.910637 sending message 105 to peer 0x55fc88964e20 (12 bytes)
1649067595.910646 sending message 105 to peer 0x55fc88964e20 (34 bytes)
1649067595.910655 sending message 105 to peer 0x55fc88964e20 (20 bytes)
1649067595.910664 sending message 105 to peer 0x55fc88964e20 (23 bytes)
1649067595.910673 sending message 105 to peer 0x55fc88964e20 (18 bytes)
1649067595.910682 sending message 105 to peer 0x55fc88964e20 (19 bytes)
1649067595.910690 sending message 105 to peer 0x55fc88964e20 (28 bytes)
1649067595.910699 sending message 105 to peer 0x55fc88964e20 (30 bytes)
1649067595.910707 sending message 105 to peer 0x55fc88964e20 (18 bytes)
1649067595.910716 sending message 105 to peer 0x55fc88964e20 (27 bytes)
1649067595.910725 sending message 105 to peer 0x55fc88964e20 (21 bytes)
1649067595.910734 sending message 105 to peer 0x55fc88964e20 (113 bytes)
1649067595.910743 sending message 105 to peer 0x55fc88964e20 (52 bytes)
1649067595.910752 sending message 105 to peer 0x55fc88964e20 (41 bytes)
1649067595.910760 sending message 105 to peer 0x55fc88964e20 (33 bytes)
1649067595.910769 sending message 105 to peer 0x55fc88964e20 (13 bytes)
1649067595.910778 sending message 105 to peer 0x55fc88964e20 (21 bytes)
1649067595.910786 sending message 105 to peer 0x55fc88964e20 (19 bytes)
1649067595.910795 sending message 105 to peer 0x55fc88964e20 (18 bytes)
1649067595.910804 sending message 105 to peer 0x55fc88964e20 (15 bytes)
1649067595.910813 sending message 105 to peer 0x55fc88964e20 (17 bytes)
1649067595.910822 sending message 105 to peer 0x55fc88964e20 (1506 bytes)
1649067595.910834 sending message 105 to peer 0x55fc88964e20 (33 bytes)
1649067595.910843 sending message 105 to peer 0x55fc88964e20 (17 bytes)
1649067595.910852 sending message 105 to peer 0x55fc88964e20 (86 bytes)
1649067595.910861 sending message 105 to peer 0x55fc88964e20 (47 bytes)
1649067595.910870 sending message 105 to peer 0x55fc88964e20 (16 bytes)
1649067595.910879 sending message 105 to peer 0x55fc88964e20 (24 bytes)
1649067595.910902 sending message 105 to peer 0x55fc88964e20 (29 bytes)
1649067595.910911 sending message 105 to peer 0x55fc88964e20 (34 bytes)
1649067595.910921 sending message 105 to peer 0x55fc88964e20 (23 bytes)
1649067595.910929 sending message 105 to peer 0x55fc88964e20 (20 bytes)
1649067595.910938 sending message 105 to peer 0x55fc88964e20 (24 bytes)
1649067595.910947 sending message 105 to peer 0x55fc88964e20 (31 bytes)
1649067595.910957 sending message 105 to peer 0x55fc88964e20 (32 bytes)
1649067595.910965 sending message 105 to peer 0x55fc88964e20 (15 bytes)
1649067595.910974 sending message 105 to peer 0x55fc88964e20 (30 bytes)
1649067595.910983 sending message 105 to peer 0x55fc88964e20 (11 bytes)
1649067595.910992 sending message 105 to peer 0x55fc88964e20 (8 bytes)
1649067595.911000 sending message 105 to peer 0x55fc88964e20 (16 bytes)
1649067595.911009 sending message 105 to peer 0x55fc88964e20 (11 bytes)
1649067595.911018 sending message 105 to peer 0x55fc88964e20 (19 bytes)
1649067595.911026 sending message 105 to peer 0x55fc88964e20 (18 bytes)
1649067595.911035 sending message 105 to peer 0x55fc88964e20 (21 bytes)
1649067595.911044 sending message 105 to peer 0x55fc88964e20 (31 bytes)
1649067595.911053 sending message 105 to peer 0x55fc88964e20 (14 bytes)
1649067595.911061 sending message 105 to peer 0x55fc88964e20 (10 bytes)
1649067595.911070 sending message 105 to peer 0x55fc88964e20 (46 bytes)
1649067595.911079 sending message 105 to peer 0x55fc88964e20 (23 bytes)
1649067595.911088 sending message 105 to peer 0x55fc88964e20 (85 bytes)
1649067595.911097 sending message 105 to peer 0x55fc88964e20 (1064 bytes)
1649067595.911108 sending message 105 to peer 0x55fc88964e20 (18 bytes)
1649067595.911117 sending message 105 to peer 0x55fc88964e20 (54 bytes)
1649067595.911125 sending message 105 to peer 0x55fc88964e20 (56 bytes)
1649067595.911134 sending message 105 to peer 0x55fc88964e20 (17 bytes)
1649067595.911143 sending message 105 to peer 0x55fc88964e20 (33 bytes)
1649067595.911158 sending message 105 to peer 0x55fc88964e20 (16 bytes)
1649067595.911186 sending message 106 to peer 0x55fc88964e20 (0 bytes)
1649067595.911194 sending message 200 to peer 0x55fc88964e20 (4 bytes)
1649067595.911214 client loop enter
1649067595.998476 peer 0x55fc88964e20 message 207
1649067595.998488 sending message 208 to peer 0x55fc88964e20 (0 bytes)
1649067596.008437 peer 0x55fc88964e20 message 203
1649067596.008458 sending message 205 to peer 0x55fc88964e20 (0 bytes)
1649067596.008793 peer 0x55fc88964e20 message 204
1649067596.008807 client loop exit
